<?xml version="1.0" encoding="UTF-8"?>
<robot generator="Robot 3.0.4 (Python 3.6.4 on cygwin)" generated="20180530 17:35:07.089">
<suite id="s1" name="Test1" source="/home/QiZhang/PythonTest/MyTest/test1/test1.robot">
<test id="s1-t1" name="Sayhello">
<kw name="Log" library="BuiltIn">
<doc>Logs the given message with the given level.</doc>
<arguments>
<arg>robot framework</arg>
</arguments>
<msg timestamp="20180530 17:35:07.136" level="INFO">robot framework</msg>
<status status="PASS" starttime="20180530 17:35:07.136" endtime="20180530 17:35:07.136"></status>
</kw>
<status status="PASS" starttime="20180530 17:35:07.136" endtime="20180530 17:35:07.136" critical="yes"></status>
</test>
<status status="PASS" starttime="20180530 17:35:07.089" endtime="20180530 17:35:07.136"></status>
</suite>
<statistics>
<total>
<stat pass="1" fail="0">Critical Tests</stat>
<stat pass="1" fail="0">All Tests</stat>
</total>
<tag>
</tag>
<suite>
<stat pass="1" fail="0" id="s1" name="Test1">Test1</stat>
</suite>
</statistics>
<errors>
</errors>
</robot>
